The CJS build of Vite's Node API is deprecated. See https://vite.dev/guide/troubleshooting.html#vite-cjs-node-api-deprecated for more details.

[7m[1m[36m RUN [39m[22m[27m [36mv1.6.1[39m [90mU:/2026src/vns-masakinihirota[39m

 [33m笶ｯ[39m src/components/__tests__/error-boundary.test.tsx [2m ([22m[2m0 test[22m[2m)[22m

竡ｯ竡ｯ竡ｯ竡ｯ竡ｯ竡ｯ Failed Suites 1 竡ｯ竡ｯ竡ｯ竡ｯ竡ｯ竡ｯ竡ｯ

 FAIL  src/components/__tests__/error-boundary.test.tsx [ src/components/__tests__/error-boundary.test.tsx ]
TypeError: Cannot set property isConnected of [object Object] which has only a getter
 笶ｯ new Node node_modules/.pnpm/happy-dom@12.10.3/node_modules/happy-dom/src/nodes/node/Node.ts:57:29
 笶ｯ new Element node_modules/.pnpm/happy-dom@12.10.3/node_modules/happy-dom/lib/nodes/element/Element.js:25:9
 笶ｯ new HTMLElement node_modules/.pnpm/happy-dom@12.10.3/node_modules/happy-dom/lib/nodes/html-element/HTMLElement.js:17:9
 笶ｯ new HTMLUnknownElement node_modules/.pnpm/happy-dom@12.10.3/node_modules/happy-dom/lib/nodes/html-unknown-element/HTMLUnknownElement.js:13:9
 笶ｯ HTMLDocument.createElementNS node_modules/.pnpm/happy-dom@12.10.3/node_modules/happy-dom/src/nodes/document/Document.ts:834:19
 笶ｯ HTMLDocument.createElement node_modules/.pnpm/happy-dom@12.10.3/node_modules/happy-dom/src/nodes/document/Document.ts:803:15
 笶ｯ node_modules/.pnpm/axe-core@4.11.1/node_modules/axe-core/axe.js:19425:32
 笶ｯ _pollyfillElementsFromPoint node_modules/.pnpm/axe-core@4.11.1/node_modules/axe-core/axe.js:19428:8
 笶ｯ node_modules/.pnpm/axe-core@4.11.1/node_modules/axe-core/axe.js:19458:36
 笶ｯ axeFunction node_modules/.pnpm/axe-core@4.11.1/node_modules/axe-core/axe.js:29512:5

竡ｯ竡ｯ竡ｯ竡ｯ竡ｯ竡ｯ竡ｯ竡ｯ竡ｯ竡ｯ竡ｯ竡ｯ竡ｯ竡ｯ竡ｯ竡ｯ竡ｯ竡ｯ竡ｯ竡ｯ竡ｯ竡ｯ竡ｯ竡ｯ[1/1]竡ｯ

[2m Test Files [22m [1m[31m1 failed[39m[22m[90m (1)[39m
[2m      Tests [22m [2mno tests[22m
[2m   Start at [22m 00:13:53
[2m   Duration [22m 1.75s[2m (transform 39ms, setup 364ms, collect 0ms, tests 0ms, environment 273ms, prepare 176ms)[22m

