
> vns-masakinihirota@0.40.0 lint U:\2026src\vns-masakinihirota.worktrees\anti
> oxlint --tsconfig ./tsconfig.json --type-aware --type-check ./src


  ! eslint(no-unused-vars): Parameter 'e' is declared but never used. Unused parameters should start with a '_'.
    ,-[src/components/mandala-chart/mandala-chart/ui/mini-grid.tsx:63:21]
 62 |           className={getCellStyles(gridIdx, cellIdx)}
 63 |           onClick={(e) => {
    :                     |
    :                     `-- 'e' is declared here
 64 |             if (!isFocusView && !isActive) {
    `----
  help: Consider removing this parameter.

  ! eslint(no-unused-vars): Parameter 'e' is declared but never used. Unused parameters should start with a '_'.
    ,-[src/components/mandala-chart/mandala-chart/mandala-chart.tsx:84:24]
 83 |         onAdd={addNewChart}
 84 |         onDelete={(id, e) => {
    :                        |
    :                        `-- 'e' is declared here
 85 |           if (confirm("このチャートを削除してもよろしいですか？この操作は取り消せません。")) {
    `----
  help: Consider removing this parameter.

  x eslint(no-console): Unexpected console statement.
    ,-[src/components/mandala-chart/mandala-chart/mandala-chart.test.tsx:18:7]
 17 |     if (results.violations.length > 0) {
 18 |       console.log('Accessibility Violations:', JSON.stringify(results.violations, null, 2));
    :       ^^^^^^^^^^^
 19 |     }
    `----
  help: Supported methods are: info, warn, error.

  ! eslint(no-unused-vars): Parameter 'works' is declared but never used. Unused parameters should start with a '_'.
    ,-[src/components/work-list/work-list/work-list.tsx:68:3]
 67 | export function WorkList({
 68 |   works,
    :   ^^|^^
    :     `-- 'works' is declared here
 69 |   filteredAndSortedWorks,
    `----
  help: Consider removing this parameter.

  ! eslint(no-unused-vars): Parameter 'themeVars' is declared but never used. Unused parameters should start with a '_'.
    ,-[src/components/profile-display/ui/editable-cell.tsx:18:3]
 17 |   onSave,
 18 |   themeVars,
    :   ^^^^|^^^^
    :       `-- 'themeVars' is declared here
 19 |   extraClass = "",
    `----
  help: Consider removing this parameter.

  ! eslint(no-unused-vars): Variable 'targetCategories' is declared but never used. Unused variables should start with a '_'.
     ,-[src/components/work-list/work-list/work-list.logic.ts:207:11]
 206 |     // 1. カテゴリフィルタ
 207 |     const targetCategories = AVAILABLE_CATEGORIES;
     :           ^^^^^^^^|^^^^^^^
     :                   `-- 'targetCategories' is declared here
 208 |     result = result.filter((w) => {
     `----
  help: Consider removing this declaration.

  ! eslint(no-unused-vars): Catch parameter 'error' is caught but never used. Unused caught errors should start with a '_'.
    ,-[src/app/api/user/import-trial/route.ts:23:12]
 22 |     trialData = VNSTrialDataSchema.parse(json);
 23 |   } catch (error) {
    :            ^^|^^
    :              `-- 'error' is declared here
 24 |     return NextResponse.json(
    `----
  help: Consider handling this error.

  x typescript(TS2345): Argument of type 'RatingType' is not assignable to parameter of type '"Tier1" | "Tier2" | "Tier3"'.
    ,-[src/components/profile-display/ui/rating-cell.tsx:17:93]
 16 | 
 17 |   const isTierValue = [RATING_TYPES.TIER1, RATING_TYPES.TIER2, RATING_TYPES.TIER3].includes(value);
    :                                                                                             ^^^^^
 18 | 
    `----

  x typescript(TS2769): No overload matches this call.
    ,-[src/components/works/registration/schema.ts:77:18]
 76 | export const userEntrySchema = z.object({
 77 |   status: z.enum(["expecting", "reading", "interesting"], {
    :                  ^^^^^^^^^^^^^^^^^^^^^^^^^^^^^^^^^^^^^^^
 78 |     required_error: "ステータスを選択してください",
    `----

  x typescript-eslint(no-floating-promises): Promises must be awaited.
     ,-[src/components/work-list/work-list/work-list.logic.ts:176:5]
 175 | 
 176 |     fetchWorks();
     :     ^^^^^^^^^^^^^
 177 |   }, [supabase]); // activeProfileが変わったら再取得すべきかもしれないが、user_work_ratingsはログインユーザー依存
     `----
  help: The promise must end with a call to .catch, or end with a call to .then with a rejection handler, or be explicitly marked as ignored with the `void` operator.

  x typescript-eslint(no-floating-promises): Promises must be awaited.
     ,-[src/components/work-list/work-list/work-list.logic.test.ts:157:7]
 156 |     act(() => {
 157 |       result.current.handleRatingChange("TIER2");
     :       ^^^^^^^^^^^^^^^^^^^^^^^^^^^^^^^^^^^^^^^^^^^
 158 |     });
     `----
  help: The promise must end with a call to .catch, or end with a call to .then with a rejection handler, or be explicitly marked as ignored with the `void` operator.

  ! typescript-eslint(no-redundant-type-constituents): 'never' is overridden by other types in this union type.
     ,-[src/types/types_db.ts:485:7]
 484 |   PublicCompositeTypeNameOrOptions extends
 485 |     | keyof DefaultSchema["CompositeTypes"]
     :       ^^^^^^^^^^^^^^^^^^^^^^^^^^^^^^^^^^^^^
 486 |     | { schema: keyof DatabaseWithoutInternals },
     `----

Found 7 warnings and 5 errors.
Finished in 5.5s on 521 files with 94 rules using 12 threads.
 ELIFECYCLE  Command failed with exit code 1.
