
> vns-masakinihirota@0.25.0 lint:fast U:\2026src\vns-masakinihirota.worktrees\anti
> oxlint --tsconfig ./tsconfig.json --type-aware --type-check ./src


  ! eslint(no-unused-vars): Identifier 'MatchStats' is imported but never used.
   ,-[src/components/auto-matching/auto-matching/auto-matching.test.tsx:4:23]
 3 | import { AutoMatching } from "./auto-matching";
 4 | import { UserProfile, MatchStats } from "./auto-matching.logic";
   :                       ^^^^^|^^^^
   :                            `-- 'MatchStats' is imported here
 5 | 
   `----
  help: Consider removing this import.

  ! eslint(no-unused-vars): Identifier 'afterEach' is imported but never used.
   ,-[src/components/work-continuous-rating/work-continuous-rating/work-continuous-rating.logic.test.ts:1:48]
 1 | import { describe, it, expect, vi, beforeEach, afterEach } from "vitest";
   :                                                ^^^^|^^^^
   :                                                    `-- 'afterEach' is imported here
 2 | import {
   `----
  help: Consider removing this import.

  ! eslint(no-unused-vars): Variable 'fullList' is declared but never used. Unused variables should start with a '_'.
    ,-[src/components/work-continuous-rating/work-continuous-rating/work-continuous-rating.container.tsx:23:10]
 22 |   // Session State
 23 |   const [fullList, setFullList] = useState<string[]>([]);
    :          ^^^^|^^^
    :              `-- 'fullList' is declared here
 24 |   const [sessionList, setSessionList] = useState<string[]>([]);
    `----
  help: Consider removing this declaration.

  ! eslint(no-unused-vars): Variable 'isMatching' is declared but never used. Unused variables should start with a '_'.
    ,-[src/components/auto-matching/auto-matching/auto-matching.container.tsx:27:10]
 26 | 
 27 |   const [isMatching, setIsMatching] = useState(false);
    :          ^^^^^|^^^^
    :               `-- 'isMatching' is declared here
 28 |   const [watchedUsersPerProfile, setWatchedUsersPerProfile] = useState<
    `----
  help: Consider removing this declaration.

  ! eslint(no-unused-vars): Parameter 'patternId' is declared but never used. Unused parameters should start with a '_'.
    ,-[src/components/work-continuous-rating/work-continuous-rating/work-continuous-rating.logic.ts:97:3]
 96 |   ratings: Record<string, Rating>,
 97 |   patternId: string = "default"
    :   ^^^^^^^^^^^^^^|^^^^^^^^^^^^^^
    :                 `-- 'patternId' is declared here
 98 | ) => {
    `----
  help: Consider removing this parameter.

  ! eslint(no-unused-vars): Variable 'user' is declared but never used. Unused variables should start with a '_'.
    ,-[src/lib/supabase/middleware.ts:37:13]
 36 |   const {
 37 |     data: { user },
    :             ^^|^
    :               `-- 'user' is declared here
 38 |   } = await supabase.auth.getUser();
    `----
  help: Consider removing this declaration.

  ! eslint(no-unused-vars): Identifier 'RatingValue' is imported but never used.
   ,-[src/components/work-continuous-rating/work-continuous-rating/work-continuous-rating.test.tsx:5:18]
 4 | import { WorkContinuousRating } from "./work-continuous-rating";
 5 | import { Rating, RatingValue } from "./work-continuous-rating.logic";
   :                  ^^^^^|^^^^^
   :                       `-- 'RatingValue' is imported here
 6 | 
   `----
  help: Consider removing this import.

  ! eslint(no-unused-vars): Identifier 'PopularWorksView' is imported but never used.
   ,-[src/app/(protected)/home/page.tsx:4:10]
 3 | import { HomeMenuGrid } from "@/components/home/home-menu-grid";
 4 | import { PopularWorksView } from "@/components/works/popular-works-view";
   :          ^^^^^^^^|^^^^^^^
   :                  `-- 'PopularWorksView' is imported here
 5 | import {
   `----
  help: Consider removing this import.

  ! eslint(no-unused-vars): Variable 'hasProfile' is declared but never used. Unused variables should start with a '_'.
    ,-[src/app/(protected)/home/page.tsx:42:9]
 41 |   const profiles = rootAccountId ? await getUserProfiles(rootAccountId) : [];
 42 |   const hasProfile = profiles.length > 0;
    :         ^^^^^|^^^^
    :              `-- 'hasProfile' is declared here
 43 | 
    `----
  help: Consider removing this declaration.

  ! eslint(no-unused-vars): Identifier 'DadsButton' is imported but never used.
   ,-[src/app/(public)/login/page.tsx:5:20]
 4 | import { GoogleLoginForm } from "@/components/auth/google-login-form";
 5 | import { Button as DadsButton } from "@/components/dads";
   :                    ^^^^^|^^^^
   :                         `-- 'DadsButton' is imported here
 6 | 
   `----
  help: Consider removing this import.

  ! eslint(no-unused-vars): Identifier 'path' is imported but never used.
   ,-[src/lib/works/seed-utils.ts:2:8]
 1 | import fs from "fs";
 2 | import path from "path";
   :        ^^|^
   :          `-- 'path' is imported here
 3 | 
   `----
  help: Consider removing this import.

  ! eslint(no-unused-vars): Identifier 'FormLabel' is imported but never used.
   ,-[src/components/works/work-registration/parts/category-selector.tsx:8:3]
 7 |   FormItem,
 8 |   FormLabel,
   :   ^^^^|^^^^
   :       `-- 'FormLabel' is imported here
 9 | } from "@/components/ui/form";
   `----
  help: Consider removing this import.

  ! eslint(no-unused-vars): Identifier 'GlobalHeader' is imported but never used.
   ,-[src/components/landing-page/tales-claire/tales-claire-lp.tsx:6:3]
 5 | import {
 6 |   GlobalHeader,
   :   ^^^^^^|^^^^^
   :         `-- 'GlobalHeader' is imported here
 7 |   AdToggle,
   `----
  help: Consider removing this import.

  ! eslint(no-unused-vars): Identifier 'ExternalLink' is imported but never used.
   ,-[src/components/onboarding-pc/steps/step-system-request-pc.tsx:1:10]
 1 | import { ExternalLink } from "lucide-react";
   :          ^^^^^^|^^^^^
   :                `-- 'ExternalLink' is imported here
 2 | import Link from "next/link";
   `----
  help: Consider removing this import.

  ! eslint(no-unused-vars): Identifier 'Link' is imported but never used.
   ,-[src/components/onboarding-pc/steps/step-system-request-pc.tsx:2:8]
 1 | import { ExternalLink } from "lucide-react";
 2 | import Link from "next/link";
   :        ^^|^
   :          `-- 'Link' is imported here
 3 | import React from "react";
   `----
  help: Consider removing this import.

  ! eslint(no-unused-vars): Identifier 'CardContent' is imported but never used.
   ,-[src/components/works/popular-works-view.tsx:8:16]
 7 | import { Button } from "@/components/ui/button";
 8 | import { Card, CardContent, CardHeader, CardTitle } from "@/components/ui/card";
   :                ^^^^^|^^^^^
   :                     `-- 'CardContent' is imported here
 9 | 
   `----
  help: Consider removing this import.

  ! eslint(no-unused-vars): Identifier 'waitFor' is imported but never used.
   ,-[src/components/work-registration-form/hooks/use-work-search.test.ts:1:27]
 1 | import { renderHook, act, waitFor } from "@testing-library/react";
   :                           ^^^|^^^
   :                              `-- 'waitFor' is imported here
 2 | import { describe, it, expect } from "vitest";
   `----
  help: Consider removing this import.

  ! eslint(no-unused-vars): Variable 'isMatching' is declared but never used. Unused variables should start with a '_'.
     ,-[src/components/manual-matching/manual-matching.tsx:139:10]
 138 |   );
 139 |   const [isMatching, setIsMatching] = useState(false);
     :          ^^^^^|^^^^
     :               `-- 'isMatching' is declared here
 140 | 
     `----
  help: Consider removing this declaration.

  ! eslint(no-unused-vars): Variable 'watchedPerProfile' is declared but never used. Unused variables should start with a '_'.
     ,-[src/components/manual-matching/manual-matching.tsx:145:10]
 144 |   >({});
 145 |   const [watchedPerProfile, setWatchedPerProfile] = useState<
     :          ^^^^^^^^|^^^^^^^^
     :                  `-- 'watchedPerProfile' is declared here
 146 |     Record<string, any[]>
     `----
  help: Consider removing this declaration.

  ! eslint(no-unused-vars): Variable 'followedPerProfile' is declared but never used. Unused variables should start with a '_'.
     ,-[src/components/manual-matching/manual-matching.tsx:148:10]
 147 |   >({});
 148 |   const [followedPerProfile, setFollowedPerProfile] = useState<
     :          ^^^^^^^^^|^^^^^^^^
     :                   `-- 'followedPerProfile' is declared here
 149 |     Record<string, any[]>
     `----
  help: Consider removing this declaration.

  ! eslint(no-unused-vars): Identifier 'vi' is imported but never used.
   ,-[src/components/work-registration-form/hooks/use-work-registration.test.ts:2:32]
 1 | import { renderHook, act } from "@testing-library/react";
 2 | import { describe, it, expect, vi } from "vitest";
   :                                ^|
   :                                 `-- 'vi' is imported here
 3 | import { RegistrationFormValues } from "../schema";
   `----
  help: Consider removing this import.

  ! eslint(no-unused-vars): Identifier 'useUserProfileCreation' is imported but never used.
   ,-[src/components/user-profiles/create/user-profile-creation.test.tsx:5:10]
 4 | import { UserProfileCreation } from "./user-profile-creation";
 5 | import { useUserProfileCreation } from "./user-profile-creation.logic";
   :          ^^^^^^^^^^^|^^^^^^^^^^
   :                     `-- 'useUserProfileCreation' is imported here
 6 | 
   `----
  help: Consider removing this import.

  ! eslint(no-unused-vars): Parameter 'req' is declared but never used. Unused parameters should start with a '_'.
   ,-[src/app/api/admin/seed-works/route.ts:6:28]
 5 | 
 6 | export async function POST(req: NextRequest) {
   :                            ^|^
   :                             `-- 'req' is declared here
 7 |   const supabase = await createClient();
   `----
  help: Consider removing this parameter.

  ! eslint(no-unused-vars): Identifier 'redirect' is imported but never used.
   ,-[src/app/(protected)/works/actions.ts:4:10]
 3 | import { revalidatePath } from "next/cache";
 4 | import { redirect } from "next/navigation";
   :          ^^^^|^^^
   :              `-- 'redirect' is imported here
 5 | import { z } from "zod";
   `----
  help: Consider removing this import.

  ! eslint(no-unused-vars): Variable 'description' is declared but never used. Unused variables should start with a '_'.
    ,-[src/app/(protected)/works/actions.ts:53:36]
 52 | 
 53 |   const { title, author, category, description } = validatedFields.data;
    :                                    ^^^^^|^^^^^
    :                                         `-- 'description' is declared here
 54 | 
    `----
  help: Consider removing this declaration.

  ! eslint(no-empty-pattern): Empty object binding pattern
    ,-[src/components/onboarding-trial/onboarding-trial-form.tsx:18:37]
 17 | 
 18 | export function OnboardingTrialForm({ }: OnboardingTrialFormProps) {
    :                                     ^^^^^^^^^^^^^^^^^^^^^^^^^^^^^
 19 |   const router = useRouter();
    `----
  help: Passing `null` or `undefined` will result in runtime error because `null` and `undefined` cannot be destructured.

  x typescript(TS2304): Cannot find name 'CheckCircle'.
     ,-[src/components/manual-matching/manual-matching.tsx:703:22]
 702 |                   <div className="w-24 h-24 bg-slate-100 rounded-full flex items-center justify-center mb-2">
 703 |                     <CheckCircle size={48} className="text-slate-200" />
     :                      ^^^^^^^^^^^
 704 |                   </div>
     `----

Found 26 warnings and 1 error.
Finished in 4.7s on 433 files using 12 threads.
 ELIFECYCLE  Command failed with exit code 1.
