
> vns-masakinihirota@0.1.0 lint U:\2026src\vns-masakinihirota
> eslint


U:\2026src\vns-masakinihirota\.agent\scripts\audit-components.mjs
  30:14  warning  'e' is defined but never used  @typescript-eslint/no-unused-vars

U:\2026src\vns-masakinihirota\scripts\apply-rls-policies.js
  1:12  error  A `require()` style import is forbidden  @typescript-eslint/no-require-imports
  2:14  error  A `require()` style import is forbidden  @typescript-eslint/no-require-imports
  4:1   error  A `require()` style import is forbidden  @typescript-eslint/no-require-imports
  5:18  error  A `require()` style import is forbidden  @typescript-eslint/no-require-imports

U:\2026src\vns-masakinihirota\scripts\check-auth-db-state.js
  2:1   error  A `require()` style import is forbidden  @typescript-eslint/no-require-imports
  3:18  error  A `require()` style import is forbidden  @typescript-eslint/no-require-imports

U:\2026src\vns-masakinihirota\scripts\create-admin.ts
  61:11  warning  'hashedPassword' is assigned a value but never used  @typescript-eslint/no-unused-vars

U:\2026src\vns-masakinihirota\scripts\fix-auth-schema-compat.js
  2:1   error  A `require()` style import is forbidden  @typescript-eslint/no-require-imports
  3:18  error  A `require()` style import is forbidden  @typescript-eslint/no-require-imports

U:\2026src\vns-masakinihirota\src\__tests__\api\admin.test.ts
  13:32  warning  'beforeAll' is defined but never used  @typescript-eslint/no-unused-vars
  13:43  warning  'afterAll' is defined but never used   @typescript-eslint/no-unused-vars

U:\2026src\vns-masakinihirota\src\__tests__\api\error-handler.test.ts
  19:23  warning  'c' is defined but never used             @typescript-eslint/no-unused-vars
  20:47  error    Unexpected any. Specify a different type  @typescript-eslint/no-explicit-any
  29:40  error    Unexpected any. Specify a different type  @typescript-eslint/no-explicit-any
  38:24  warning  'c' is defined but never used             @typescript-eslint/no-unused-vars
  39:50  error    Unexpected any. Specify a different type  @typescript-eslint/no-explicit-any
  48:40  error    Unexpected any. Specify a different type  @typescript-eslint/no-explicit-any
  57:23  warning  'c' is defined but never used             @typescript-eslint/no-unused-vars
  64:40  error    Unexpected any. Specify a different type  @typescript-eslint/no-explicit-any
  88:40  error    Unexpected any. Specify a different type  @typescript-eslint/no-explicit-any

U:\2026src\vns-masakinihirota\src\__tests__\integration\auth-flow.integration.test.ts
  1:32  warning  'beforeAll' is defined but never used           @typescript-eslint/no-unused-vars
  2:10  warning  'DUMMY_USERS' is defined but never used         @typescript-eslint/no-unused-vars
  2:23  warning  'createDummySession' is defined but never used  @typescript-eslint/no-unused-vars

U:\2026src\vns-masakinihirota\src\__tests__\proxy.test.ts
    2:23  warning  'NextResponse' is defined but never used  @typescript-eslint/no-unused-vars
   41:20  error    Unexpected any. Specify a different type  @typescript-eslint/no-explicit-any
   42:29  error    Unexpected any. Specify a different type  @typescript-eslint/no-explicit-any
   51:20  error    Unexpected any. Specify a different type  @typescript-eslint/no-explicit-any
   52:29  error    Unexpected any. Specify a different type  @typescript-eslint/no-explicit-any
   64:20  error    Unexpected any. Specify a different type  @typescript-eslint/no-explicit-any
   65:29  error    Unexpected any. Specify a different type  @typescript-eslint/no-explicit-any
   79:20  error    Unexpected any. Specify a different type  @typescript-eslint/no-explicit-any
   80:29  error    Unexpected any. Specify a different type  @typescript-eslint/no-explicit-any
   94:20  error    Unexpected any. Specify a different type  @typescript-eslint/no-explicit-any
   95:29  error    Unexpected any. Specify a different type  @typescript-eslint/no-explicit-any
  106:20  error    Unexpected any. Specify a different type  @typescript-eslint/no-explicit-any
  107:29  error    Unexpected any. Specify a different type  @typescript-eslint/no-explicit-any

U:\2026src\vns-masakinihirota\src\__tests__\rbac-authorization.test.ts
    1:32  warning  'beforeEach' is defined but never used               @typescript-eslint/no-unused-vars
   29:17  error    Unexpected any. Specify a different type             @typescript-eslint/no-explicit-any
   74:89  error    Unexpected any. Specify a different type             @typescript-eslint/no-explicit-any
  109:89  error    Unexpected any. Specify a different type             @typescript-eslint/no-explicit-any
  118:12  error    Unexpected any. Specify a different type             @typescript-eslint/no-explicit-any
  144:12  error    Unexpected any. Specify a different type             @typescript-eslint/no-explicit-any
  196:16  warning  'error' is defined but never used                    @typescript-eslint/no-unused-vars
  223:12  error    Unexpected any. Specify a different type             @typescript-eslint/no-explicit-any
  263:9   warning  'ghostSession' is assigned a value but never used    @typescript-eslint/no-unused-vars
  264:9   warning  'personaSession' is assigned a value but never used  @typescript-eslint/no-unused-vars

U:\2026src\vns-masakinihirota\src\app\(public)\login\page.tsx
  5:3  warning  'AnonymousLoginForm' is defined but never used  @typescript-eslint/no-unused-vars

U:\2026src\vns-masakinihirota\src\app\actions\__tests__\server-actions.test.ts
   13:48  warning  'afterEach' is defined but never used     @typescript-eslint/no-unused-vars
   34:22  error    Unexpected any. Specify a different type  @typescript-eslint/no-explicit-any
   46:22  error    Unexpected any. Specify a different type  @typescript-eslint/no-explicit-any
   60:22  error    Unexpected any. Specify a different type  @typescript-eslint/no-explicit-any
   73:22  error    Unexpected any. Specify a different type  @typescript-eslint/no-explicit-any
   86:22  error    Unexpected any. Specify a different type  @typescript-eslint/no-explicit-any
  106:22  error    Unexpected any. Specify a different type  @typescript-eslint/no-explicit-any
  118:22  error    Unexpected any. Specify a different type  @typescript-eslint/no-explicit-any
  132:22  error    Unexpected any. Specify a different type  @typescript-eslint/no-explicit-any
  146:22  error    Unexpected any. Specify a different type  @typescript-eslint/no-explicit-any

U:\2026src\vns-masakinihirota\src\app\api\[[...route]]\route.ts
  31:6  warning  'AppInstance' is defined but never used  @typescript-eslint/no-unused-vars

U:\2026src\vns-masakinihirota\src\components\auth\anonymous-login-form\anonymous-login-form.logic.test.ts
   25:33  warning  'error' is defined but never used         @typescript-eslint/no-unused-vars
   54:10  error    Unexpected any. Specify a different type  @typescript-eslint/no-explicit-any
   86:10  error    Unexpected any. Specify a different type  @typescript-eslint/no-explicit-any
  108:10  error    Unexpected any. Specify a different type  @typescript-eslint/no-explicit-any
  132:10  error    Unexpected any. Specify a different type  @typescript-eslint/no-explicit-any

U:\2026src\vns-masakinihirota\src\components\auth\github-login-form\github-login-form.logic.test.ts
  21:29  warning  'error' is defined but never used         @typescript-eslint/no-unused-vars
  38:53  error    Unexpected any. Specify a different type  @typescript-eslint/no-explicit-any
  47:10  error    Unexpected any. Specify a different type  @typescript-eslint/no-explicit-any
  63:58  error    Unexpected any. Specify a different type  @typescript-eslint/no-explicit-any
  69:10  error    Unexpected any. Specify a different type  @typescript-eslint/no-explicit-any
  92:10  error    Unexpected any. Specify a different type  @typescript-eslint/no-explicit-any

U:\2026src\vns-masakinihirota\src\components\auth\google-login-form\google-login-form.logic.test.ts
  21:29  warning  'error' is defined but never used         @typescript-eslint/no-unused-vars
  38:53  error    Unexpected any. Specify a different type  @typescript-eslint/no-explicit-any
  47:10  error    Unexpected any. Specify a different type  @typescript-eslint/no-explicit-any
  63:58  error    Unexpected any. Specify a different type  @typescript-eslint/no-explicit-any
  69:10  error    Unexpected any. Specify a different type  @typescript-eslint/no-explicit-any
  92:10  error    Unexpected any. Specify a different type  @typescript-eslint/no-explicit-any

U:\2026src\vns-masakinihirota\src\components\providers.tsx
  15:5  warning  'attribute' is assigned a value but never used                  @typescript-eslint/no-unused-vars
  16:5  warning  'defaultTheme' is assigned a value but never used               @typescript-eslint/no-unused-vars
  17:5  warning  'enableSystem' is assigned a value but never used               @typescript-eslint/no-unused-vars
  18:5  warning  'disableTransitionOnChange' is assigned a value but never used  @typescript-eslint/no-unused-vars

U:\2026src\vns-masakinihirota\src\lib\__tests__\helper.test.ts
  2:22  warning  'getCurrentUser' is defined but never used      @typescript-eslint/no-unused-vars
  2:38  warning  'getUserAuthMethods' is defined but never used  @typescript-eslint/no-unused-vars

U:\2026src\vns-masakinihirota\src\lib\api\errors\index.ts
  107:22  error  Unexpected any. Specify a different type  @typescript-eslint/no-explicit-any

U:\2026src\vns-masakinihirota\src\lib\api\middleware\auth-session.ts
  16:3   error    ES2015 module syntax is preferred over namespaces  @typescript-eslint/no-namespace
  55:14  warning  'error' is defined but never used                  @typescript-eslint/no-unused-vars

U:\2026src\vns-masakinihirota\src\lib\api\middleware\rbac.ts
  25:3  warning  'AuthSession' is defined but never used  @typescript-eslint/no-unused-vars

U:\2026src\vns-masakinihirota\src\lib\api\middleware\zod-validator.ts
  90:3  error  ES2015 module syntax is preferred over namespaces  @typescript-eslint/no-namespace

U:\2026src\vns-masakinihirota\src\lib\api\routes\admin.ts
  39:3   warning  'isHttpError' is defined but never used       @typescript-eslint/no-unused-vars
  52:35  warning  'ApiErrorResponse' is defined but never used  @typescript-eslint/no-unused-vars

U:\2026src\vns-masakinihirota\src\lib\api\routes\poc.ts
   95:24  warning  'c' is defined but never used  @typescript-eslint/no-unused-vars
  106:24  warning  'c' is defined but never used  @typescript-eslint/no-unused-vars
  117:31  warning  'c' is defined but never used  @typescript-eslint/no-unused-vars

U:\2026src\vns-masakinihirota\src\lib\api\services\groups.ts
  13:46  warning  'userProfiles' is defined but never used  @typescript-eslint/no-unused-vars

U:\2026src\vns-masakinihirota\src\lib\api\services\nations.ts
  17:3  warning  'userProfiles' is defined but never used  @typescript-eslint/no-unused-vars

U:\2026src\vns-masakinihirota\src\lib\auth\__tests__\ghost-mode.test.ts
  121:59  error  Unexpected any. Specify a different type  @typescript-eslint/no-explicit-any
  121:69  error  Unexpected any. Specify a different type  @typescript-eslint/no-explicit-any
  129:12  error  Unexpected any. Specify a different type  @typescript-eslint/no-explicit-any
  145:59  error  Unexpected any. Specify a different type  @typescript-eslint/no-explicit-any
  145:69  error  Unexpected any. Specify a different type  @typescript-eslint/no-explicit-any
  153:12  error  Unexpected any. Specify a different type  @typescript-eslint/no-explicit-any
  185:12  error  Unexpected any. Specify a different type  @typescript-eslint/no-explicit-any
  203:59  error  Unexpected any. Specify a different type  @typescript-eslint/no-explicit-any
  203:69  error  Unexpected any. Specify a different type  @typescript-eslint/no-explicit-any
  211:12  error  Unexpected any. Specify a different type  @typescript-eslint/no-explicit-any
  229:59  error  Unexpected any. Specify a different type  @typescript-eslint/no-explicit-any
  229:69  error  Unexpected any. Specify a different type  @typescript-eslint/no-explicit-any
  237:12  error  Unexpected any. Specify a different type  @typescript-eslint/no-explicit-any
  253:59  error  Unexpected any. Specify a different type  @typescript-eslint/no-explicit-any
  253:69  error  Unexpected any. Specify a different type  @typescript-eslint/no-explicit-any
  261:12  error  Unexpected any. Specify a different type  @typescript-eslint/no-explicit-any
  299:12  error  Unexpected any. Specify a different type  @typescript-eslint/no-explicit-any
  320:61  error  Unexpected any. Specify a different type  @typescript-eslint/no-explicit-any
  320:71  error  Unexpected any. Specify a different type  @typescript-eslint/no-explicit-any
  328:14  error  Unexpected any. Specify a different type  @typescript-eslint/no-explicit-any
  337:61  error  Unexpected any. Specify a different type  @typescript-eslint/no-explicit-any
  337:71  error  Unexpected any. Specify a different type  @typescript-eslint/no-explicit-any
  345:14  error  Unexpected any. Specify a different type  @typescript-eslint/no-explicit-any
  365:61  error  Unexpected any. Specify a different type  @typescript-eslint/no-explicit-any
  365:71  error  Unexpected any. Specify a different type  @typescript-eslint/no-explicit-any
  373:14  error  Unexpected any. Specify a different type  @typescript-eslint/no-explicit-any
  382:61  error  Unexpected any. Specify a different type  @typescript-eslint/no-explicit-any
  382:71  error  Unexpected any. Specify a different type  @typescript-eslint/no-explicit-any
  390:14  error  Unexpected any. Specify a different type  @typescript-eslint/no-explicit-any
  409:59  error  Unexpected any. Specify a different type  @typescript-eslint/no-explicit-any
  409:69  error  Unexpected any. Specify a different type  @typescript-eslint/no-explicit-any
  417:12  error  Unexpected any. Specify a different type  @typescript-eslint/no-explicit-any

U:\2026src\vns-masakinihirota\src\lib\auth\__tests__\rate-limiter.test.ts
  1:44  warning  'afterEach' is defined but never used  @typescript-eslint/no-unused-vars

U:\2026src\vns-masakinihirota\src\lib\auth\__tests__\rbac-deny-by-default.test.ts
  2:10  warning  'checkPlatformAdmin' is defined but never used  @typescript-eslint/no-unused-vars

U:\2026src\vns-masakinihirota\src\lib\auth\__tests__\rbac-helper.test.ts
   25:8   warning  'AuthCheckResult' is defined but never used              @typescript-eslint/no-unused-vars
   59:7   warning  'mockExpiredSession' is assigned a value but never used  @typescript-eslint/no-unused-vars
   96:23  error    Unexpected any. Specify a different type                 @typescript-eslint/no-explicit-any
  136:14  error    Unexpected any. Specify a different type                 @typescript-eslint/no-explicit-any
  182:25  error    Unexpected any. Specify a different type                 @typescript-eslint/no-explicit-any
  191:25  error    Unexpected any. Specify a different type                 @typescript-eslint/no-explicit-any
  200:25  error    Unexpected any. Specify a different type                 @typescript-eslint/no-explicit-any
  210:25  error    Unexpected any. Specify a different type                 @typescript-eslint/no-explicit-any
  242:23  error    Unexpected any. Specify a different type                 @typescript-eslint/no-explicit-any

U:\2026src\vns-masakinihirota\src\lib\auth\__tests__\rbac-hierarchy.test.ts
  1:32  warning  'beforeEach' is defined but never used  @typescript-eslint/no-unused-vars

U:\2026src\vns-masakinihirota\src\lib\auth\auth-types.ts
  93:18  error  An interface declaring no members is equivalent to its supertype  @typescript-eslint/no-empty-object-type

U:\2026src\vns-masakinihirota\src\lib\auth\helper.ts
  10:30  warning  'DUMMY_USERS' is defined but never used  @typescript-eslint/no-unused-vars

U:\2026src\vns-masakinihirota\src\lib\db\admin-queries.test.ts
  7:30  warning  'isNull' is defined but never used  @typescript-eslint/no-unused-vars

U:\2026src\vns-masakinihirota\src\lib\db\admin-queries.ts
  165:9  warning  'penaltyTypeOrder' is assigned a value but never used  @typescript-eslint/no-unused-vars

U:\2026src\vns-masakinihirota\src\lib\db\test-conn.js
  2:18  error  A `require()` style import is forbidden  @typescript-eslint/no-require-imports

U:\2026src\vns-masakinihirota\src\lib\notifications\schema.ts
   74:3   warning  'userId' is defined but never used          @typescript-eslint/no-unused-vars
   75:3   warning  'type' is defined but never used            @typescript-eslint/no-unused-vars
   76:3   warning  'title' is defined but never used           @typescript-eslint/no-unused-vars
   77:3   warning  'message' is defined but never used         @typescript-eslint/no-unused-vars
   78:3   warning  'options' is defined but never used         @typescript-eslint/no-unused-vars
   93:46  warning  'notificationId' is defined but never used  @typescript-eslint/no-unused-vars
  102:62  warning  'limit' is assigned a value but never used  @typescript-eslint/no-unused-vars
  117:3   warning  'userId' is defined but never used          @typescript-eslint/no-unused-vars
  118:3   warning  'options' is defined but never used         @typescript-eslint/no-unused-vars

U:\2026src\vns-masakinihirota\src\lib\toast-store.ts
  15:10  warning  'ReactNode' is defined but never used  @typescript-eslint/no-unused-vars

笨・153 problems (99 errors, 54 warnings)

窶右LIFECYCLE窶・Command failed with exit code 1.
