The CJS build of Vite's Node API is deprecated. See https://vite.dev/guide/troubleshooting.html#vite-cjs-node-api-deprecated for more details.

[7m[1m[36m RUN [39m[22m[27m [36mv1.6.1[39m [90mU:/2026src/vns-masakinihirota[39m

 [33m笶ｯ[39m src/lib/db/market.integration.test.ts [2m ([22m[2m3 tests[22m[2m)[22m[90m 74[2mms[22m[39m

竡ｯ竡ｯ竡ｯ竡ｯ竡ｯ竡ｯ Failed Suites 1 竡ｯ竡ｯ竡ｯ竡ｯ竡ｯ竡ｯ竡ｯ

 FAIL  src/lib/db/market.integration.test.ts > Market Integration (Drizzle)
Error: Failed query: select "id", "root_account_id", "display_name", "purpose", "role_type", "is_active", "mask_category", "is_default", "last_interacted_record_id", "profile_format", "role", "purposes", "profile_type", "avatar_url", "external_links", "points", "level", "created_at", "updated_at" from "user_profiles" "userProfiles" limit $1
params: 1
 笶ｯ PostgresJsPreparedQuery.queryWithCache node_modules/.pnpm/drizzle-orm@0.45.1_@types+p_1ce249f5845dd04d7006697b503e1977/node_modules/src/pg-core/session.ts:73:11
 笶ｯ node_modules/.pnpm/drizzle-orm@0.45.1_@types+p_1ce249f5845dd04d7006697b503e1977/node_modules/src/postgres-js/session.ts:58:17
 笶ｯ src/lib/db/market.integration.test.ts:25:21
     23|   beforeAll(async () => {
     24|     // Setup: Get Root Account
     25|     const profile = await database.query.userProfiles.findFirst();
       |                     ^
     26|     if (!profile)
     27|       throw new Error("Need at least one profile to find root account"窶ｦ

竡ｯ竡ｯ竡ｯ竡ｯ竡ｯ竡ｯ竡ｯ竡ｯ竡ｯ竡ｯ竡ｯ竡ｯ竡ｯ竡ｯ竡ｯ竡ｯ竡ｯ竡ｯ竡ｯ竡ｯ竡ｯ竡ｯ竡ｯ竡ｯ竡ｯ竡ｯ竡ｯ竡ｯ竡ｯ竡ｯ
Serialized Error: { query: 'select "id", "root_account_id", "display_name", "purpose", "role_type", "is_active", "mask_category", "is_default", "last_interacted_record_id", "profile_format", "role", "purposes", "profile_type", "avatar_url", "external_links", "points", "level", "created_at", "updated_at" from "user_profiles" "userProfiles" limit $1', params: [ 1 ] }
Caused by: PostgresError: ・ｽ・ｽ・ｽ[・ｽU・ｽ["test"・ｽﾌパ・ｽX・ｽ・ｽ・ｽ[・ｽh・ｽF・ｽﾘに趣ｿｽ・ｽs・ｽ・ｽ・ｽﾜゑｿｽ・ｽ・ｽ
 笶ｯ ErrorResponse node_modules/.pnpm/postgres@3.4.8/node_modules/postgres/src/connection.js:817:22
 笶ｯ handle node_modules/.pnpm/postgres@3.4.8/node_modules/postgres/src/connection.js:489:6
 笶ｯ Socket.data node_modules/.pnpm/postgres@3.4.8/node_modules/postgres/src/connection.js:324:9
 笶ｯ Socket.emit node:events:508:28

竡ｯ竡ｯ竡ｯ竡ｯ竡ｯ竡ｯ竡ｯ竡ｯ竡ｯ竡ｯ竡ｯ竡ｯ竡ｯ竡ｯ竡ｯ竡ｯ竡ｯ竡ｯ竡ｯ竡ｯ竡ｯ竡ｯ竡ｯ竡ｯ竡ｯ竡ｯ竡ｯ竡ｯ竡ｯ竡ｯ
Serialized Error: { severity_local: 'FATAL', severity: 'FATAL', code: '28P01', file: 'auth.c', line: '332', routine: 'auth_failed', query: undefined, parameters: undefined, args: [ 1 ], types: null }
竡ｯ竡ｯ竡ｯ竡ｯ竡ｯ竡ｯ竡ｯ竡ｯ竡ｯ竡ｯ竡ｯ竡ｯ竡ｯ竡ｯ竡ｯ竡ｯ竡ｯ竡ｯ竡ｯ竡ｯ竡ｯ竡ｯ竡ｯ竡ｯ[1/1]竡ｯ

[2m Test Files [22m [1m[31m1 failed[39m[22m[90m (1)[39m
[2m      Tests [22m [90m (3)[39m
[2m   Start at [22m 00:34:39
[2m   Duration [22m 3.82s[2m (transform 365ms, setup 1.10s, collect 620ms, tests 74ms, environment 1.15s, prepare 513ms)[22m

